# JRE version: Java(TM) SE Runtime Environment (7.0_79-b15) (build 1.7.0_79-b15)
# Java VM: Java HotSpot(TM) 64-Bit Server VM (24.79-b02 mixed mode windows-amd64 compressed oops)
Heap
 PSYoungGen      total 195072K, used 110634K [0x00000000eaa80000, 0x00000000f9480000, 0x0000000100000000)
  eden space 174080K, 51% used [0x00000000eaa80000,0x00000000f0284a50,0x00000000f5480000)
  from space 20992K, 97% used [0x00000000f5c00000,0x00000000f7005ee0,0x00000000f7080000)
  to   space 32768K, 0% used [0x00000000f7480000,0x00000000f7480000,0x00000000f9480000)
 ParOldGen       total 109568K, used 90734K [0x00000000c0000000, 0x00000000c6b00000, 0x00000000eaa80000)
  object space 109568K, 82% used [0x00000000c0000000,0x00000000c589bb90,0x00000000c6b00000)
 PSPermGen       total 110080K, used 74542K [0x00000000b0000000, 0x00000000b6b80000, 0x00000000c0000000)
  object space 110080K, 67% used [0x00000000b0000000,0x00000000b48cbb08,0x00000000b6b80000)
GC Heap History (10 events):
Event: 515.801 GC heap before
{Heap before GC invocations=15 (full 3):
 PSYoungGen      total 220160K, used 17345K [0x00000000eaa80000, 0x00000000ffd00000, 0x0000000100000000)
  eden space 190464K, 0% used [0x00000000eaa80000,0x00000000eaa80000,0x00000000f6480000)
  from space 29696K, 58% used [0x00000000f8180000,0x00000000f9270508,0x00000000f9e80000)
  to   space 29696K, 0% used [0x00000000f6480000,0x00000000f6480000,0x00000000f8180000)
 ParOldGen       total 109568K, used 66025K [0x00000000c0000000, 0x00000000c6b00000, 0x00000000eaa80000)
  object space 109568K, 60% used [0x00000000c0000000,0x00000000c407a6c0,0x00000000c6b00000)
 PSPermGen       total 97792K, used 60228K [0x00000000b0000000, 0x00000000b5f80000, 0x00000000c0000000)
  object space 97792K, 61% used [0x00000000b0000000,0x00000000b3ad1120,0x00000000b5f80000)
Event: 518.276 GC heap after
Heap after GC invocations=15 (full 3):
 PSYoungGen      total 220160K, used 0K [0x00000000eaa80000, 0x00000000ffd00000, 0x0000000100000000)
  eden space 190464K, 0% used [0x00000000eaa80000,0x00000000eaa80000,0x00000000f6480000)
  from space 29696K, 0% used [0x00000000f8180000,0x00000000f8180000,0x00000000f9e80000)
  to   space 29696K, 0% used [0x00000000f6480000,0x00000000f6480000,0x00000000f8180000)
 ParOldGen       total 109568K, used 78576K [0x00000000c0000000, 0x00000000c6b00000, 0x00000000eaa80000)
  object space 109568K, 71% used [0x00000000c0000000,0x00000000c4cbc2c0,0x00000000c6b00000)
 PSPermGen       total 105472K, used 60186K [0x00000000b0000000, 0x00000000b6700000, 0x00000000c0000000)
  object space 105472K, 57% used [0x00000000b0000000,0x00000000b3ac6af8,0x00000000b6700000)
}
Event: 958.442 GC heap before
{Heap before GC invocations=16 (full 3):
 PSYoungGen      total 220160K, used 190464K [0x00000000eaa80000, 0x00000000ffd00000, 0x0000000100000000)
  eden space 190464K, 100% used [0x00000000eaa80000,0x00000000f6480000,0x00000000f6480000)
  from space 29696K, 0% used [0x00000000f8180000,0x00000000f8180000,0x00000000f9e80000)
  to   space 29696K, 0% used [0x00000000f6480000,0x00000000f6480000,0x00000000f8180000)
 ParOldGen       total 109568K, used 78576K [0x00000000c0000000, 0x00000000c6b00000, 0x00000000eaa80000)
  object space 109568K, 71% used [0x00000000c0000000,0x00000000c4cbc2c0,0x00000000c6b00000)
 PSPermGen       total 105472K, used 66123K [0x00000000b0000000, 0x00000000b6700000, 0x00000000c0000000)
  object space 105472K, 62% used [0x00000000b0000000,0x00000000b4092ce8,0x00000000b6700000)
Event: 958.490 GC heap after
Heap after GC invocations=16 (full 3):
 PSYoungGen      total 204288K, used 21700K [0x00000000eaa80000, 0x00000000f9980000, 0x0000000100000000)
  eden space 182272K, 0% used [0x00000000eaa80000,0x00000000eaa80000,0x00000000f5c80000)
  from space 22016K, 98% used [0x00000000f6480000,0x00000000f79b12c8,0x00000000f7a00000)
  to   space 31232K, 0% used [0x00000000f7b00000,0x00000000f7b00000,0x00000000f9980000)
 ParOldGen       total 109568K, used 78576K [0x00000000c0000000, 0x00000000c6b00000, 0x00000000eaa80000)
  object space 109568K, 71% used [0x00000000c0000000,0x00000000c4cbc2c0,0x00000000c6b00000)
 PSPermGen       total 105472K, used 66123K [0x00000000b0000000, 0x00000000b6700000, 0x00000000c0000000)
  object space 105472K, 62% used [0x00000000b0000000,0x00000000b4092ce8,0x00000000b6700000)
}
Event: 959.982 GC heap before
{Heap before GC invocations=17 (full 3):
 PSYoungGen      total 204288K, used 48755K [0x00000000eaa80000, 0x00000000f9980000, 0x0000000100000000)
  eden space 182272K, 14% used [0x00000000eaa80000,0x00000000ec4ebc10,0x00000000f5c80000)
  from space 22016K, 98% used [0x00000000f6480000,0x00000000f79b12c8,0x00000000f7a00000)
  to   space 31232K, 0% used [0x00000000f7b00000,0x00000000f7b00000,0x00000000f9980000)
 ParOldGen       total 109568K, used 78576K [0x00000000c0000000, 0x00000000c6b00000, 0x00000000eaa80000)
  object space 109568K, 71% used [0x00000000c0000000,0x00000000c4cbc2c0,0x00000000c6b00000)
 PSPermGen       total 105472K, used 67010K [0x00000000b0000000, 0x00000000b6700000, 0x00000000c0000000)
  object space 105472K, 63% used [0x00000000b0000000,0x00000000b4170b88,0x00000000b6700000)
Event: 960.038 GC heap after
Heap after GC invocations=17 (full 3):
 PSYoungGen      total 212992K, used 1910K [0x00000000eaa80000, 0x00000000f9a80000, 0x0000000100000000)
  eden space 181760K, 0% used [0x00000000eaa80000,0x00000000eaa80000,0x00000000f5c00000)
  from space 31232K, 6% used [0x00000000f7b00000,0x00000000f7cdda50,0x00000000f9980000)
  to   space 31744K, 0% used [0x00000000f5c00000,0x00000000f5c00000,0x00000000f7b00000)
 ParOldGen       total 109568K, used 94032K [0x00000000c0000000, 0x00000000c6b00000, 0x00000000eaa80000)
  object space 109568K, 85% used [0x00000000c0000000,0x00000000c5bd42d0,0x00000000c6b00000)
 PSPermGen       total 105472K, used 67010K [0x00000000b0000000, 0x00000000b6700000, 0x00000000c0000000)
  object space 105472K, 63% used [0x00000000b0000000,0x00000000b4170b88,0x00000000b6700000)
}
Event: 960.038 GC heap before
{Heap before GC invocations=18 (full 4):
 PSYoungGen      total 212992K, used 1910K [0x00000000eaa80000, 0x00000000f9a80000, 0x0000000100000000)
  eden space 181760K, 0% used [0x00000000eaa80000,0x00000000eaa80000,0x00000000f5c00000)
  from space 31232K, 6% used [0x00000000f7b00000,0x00000000f7cdda50,0x00000000f9980000)
  to   space 31744K, 0% used [0x00000000f5c00000,0x00000000f5c00000,0x00000000f7b00000)
 ParOldGen       total 109568K, used 94032K [0x00000000c0000000, 0x00000000c6b00000, 0x00000000eaa80000)
  object space 109568K, 85% used [0x00000000c0000000,0x00000000c5bd42d0,0x00000000c6b00000)
 PSPermGen       total 105472K, used 67010K [0x00000000b0000000, 0x00000000b6700000, 0x00000000c0000000)
  object space 105472K, 63% used [0x00000000b0000000,0x00000000b4170b88,0x00000000b6700000)
Event: 962.546 GC heap after
Heap after GC invocations=18 (full 4):
 PSYoungGen      total 212992K, used 0K [0x00000000eaa80000, 0x00000000f9a80000, 0x0000000100000000)
  eden space 181760K, 0% used [0x00000000eaa80000,0x00000000eaa80000,0x00000000f5c00000)
  from space 31232K, 0% used [0x00000000f7b00000,0x00000000f7b00000,0x00000000f9980000)
  to   space 31744K, 0% used [0x00000000f5c00000,0x00000000f5c00000,0x00000000f7b00000)
 ParOldGen       total 109568K, used 90734K [0x00000000c0000000, 0x00000000c6b00000, 0x00000000eaa80000)
  object space 109568K, 82% used [0x00000000c0000000,0x00000000c589bb90,0x00000000c6b00000)
 PSPermGen       total 110080K, used 66953K [0x00000000b0000000, 0x00000000b6b80000, 0x00000000c0000000)
  object space 110080K, 60% used [0x00000000b0000000,0x00000000b4162660,0x00000000b6b80000)
}
Event: 1180.666 GC heap before
{Heap before GC invocations=19 (full 4):
 PSYoungGen      total 212992K, used 181760K [0x00000000eaa80000, 0x00000000f9a80000, 0x0000000100000000)
  eden space 181760K, 100% used [0x00000000eaa80000,0x00000000f5c00000,0x00000000f5c00000)
  from space 31232K, 0% used [0x00000000f7b00000,0x00000000f7b00000,0x00000000f9980000)
  to   space 31744K, 0% used [0x00000000f5c00000,0x00000000f5c00000,0x00000000f7b00000)
 ParOldGen       total 109568K, used 90734K [0x00000000c0000000, 0x00000000c6b00000, 0x00000000eaa80000)
  object space 109568K, 82% used [0x00000000c0000000,0x00000000c589bb90,0x00000000c6b00000)
 PSPermGen       total 110080K, used 72301K [0x00000000b0000000, 0x00000000b6b80000, 0x00000000c0000000)
  object space 110080K, 65% used [0x00000000b0000000,0x00000000b469b7f0,0x00000000b6b80000)
Event: 1180.703 GC heap after
Heap after GC invocations=19 (full 4):
 PSYoungGen      total 195072K, used 20503K [0x00000000eaa80000, 0x00000000f9480000, 0x0000000100000000)
  eden space 174080K, 0% used [0x00000000eaa80000,0x00000000eaa80000,0x00000000f5480000)
  from space 20992K, 97% used [0x00000000f5c00000,0x00000000f7005ee0,0x00000000f7080000)
  to   space 32768K, 0% used [0x00000000f7480000,0x00000000f7480000,0x00000000f9480000)
 ParOldGen       total 109568K, used 90734K [0x00000000c0000000, 0x00000000c6b00000, 0x00000000eaa80000)
  object space 109568K, 82% used [0x00000000c0000000,0x00000000c589bb90,0x00000000c6b00000)
 PSPermGen       total 110080K, used 72301K [0x00000000b0000000, 0x00000000b6b80000, 0x00000000c0000000)
  object space 110080K, 65% used [0x00000000b0000000,0x00000000b469b7f0,0x00000000b6b80000)
}

